#
# There is insufficient memory for the Java Runtime Environment to continue.
# Native memory allocation (mmap) failed to map 132120576 bytes for Failed to commit area from 0x0000000082e00000 to 0x000000008ac00000 of length 132120576.
# Possible reasons:
#   The system is out of physical RAM or swap space
#   The process is running with CompressedOops enabled, and the Java Heap may be blocking the growth of the native heap
# Possible solutions:
#   Reduce memory load on the system
#   Increase physical memory or swap space
#   Check if swap backing store is full
#   Decrease Java heap size (-Xmx/-Xms)
#   Decrease number of Java threads
#   Decrease Java thread stack sizes (-Xss)
#   Set larger code cache with -XX:ReservedCodeCacheSize=
# This output file may be truncated or incomplete.
#
#  Out of Memory Error (t:/workspace/open/src/hotspot/os/windows/os_windows.cpp:3301), pid=3440, tid=13388
#
# JRE version:  (13.0.2+8) (build )
# Java VM: Java HotSpot(TM) 64-Bit Server VM (13.0.2+8, mixed mode, aot, sharing, tiered, compressed oops, g1 gc, windows-amd64)
# No core dump will be written. Minidumps are not enabled by default on client versions of Windows
#

---------------  S U M M A R Y ------------

Command Line: -Dfile.encoding=Cp1252 PhotoViewer

Host: Intel(R) Core(TM) i7-8565U CPU @ 1.80GHz, 8 cores, 7G,  Windows 10 , 64 bit Build 17763 (10.0.17763.475)
Time: Wed Mar 18 21:36:48 2020 Eastern Daylight Time elapsed time: 0 seconds (0d 0h 0m 0s)

---------------  T H R E A D  ---------------

Current thread (0x0000024729f4e000):  JavaThread "Unknown thread" [_thread_in_vm, id=13388, stack(0x0000005fbfe00000,0x0000005fbff00000)]

Stack: [0x0000005fbfe00000,0x0000005fbff00000]
Native frames: (J=compiled Java code, j=interpreted, Vv=VM code, C=native code)
V  [jvm.dll+0x624f9a]
V  [jvm.dll+0x770cfa]
V  [jvm.dll+0x7724af]
V  [jvm.dll+0x772ab3]
V  [jvm.dll+0x24bf08]
V  [jvm.dll+0x6222aa]
V  [jvm.dll+0x6170b5]
V  [jvm.dll+0x30a88c]
V  [jvm.dll+0x30a6c2]
V  [jvm.dll+0x30fe36]
V  [jvm.dll+0x353f46]
V  [jvm.dll+0x353720]
V  [jvm.dll+0x2e550a]
V  [jvm.dll+0x2e67a2]
V  [jvm.dll+0x74dd78]
V  [jvm.dll+0x361989]
V  [jvm.dll+0x730e65]
V  [jvm.dll+0x3cc53f]
V  [jvm.dll+0x3ce861]
C  [jli.dll+0x51ff]
C  [ucrtbase.dll+0x21ffa]
C  [KERNEL32.DLL+0x17974]
C  [ntdll.dll+0x6a261]


---------------  P R O C E S S  ---------------

Threads class SMR info:
_java_thread_list=0x00007ff84361ccb8, length=0, elements={
}

Java Threads: ( => current thread )

Other Threads:
  0x000002472bfc2000 GCTaskThread "GC Thread#0" [stack: 0x0000005fbff00000,0x0000005fc0000000] [id=3116]
  0x000002472bfd4800 ConcurrentGCThread "G1 Main Marker" [stack: 0x0000005fc0000000,0x0000005fc0100000] [id=20184]
  0x000002472bfd7000 ConcurrentGCThread "G1 Conc#0" [stack: 0x0000005fc0100000,0x0000005fc0200000] [id=23128]

[error occurred during error reporting (printing all threads), id 0xc0000005, EXCEPTION_ACCESS_VIOLATION (0xc0000005) at pc=0x00007ff842e551d7]

VM state:not at safepoint (not fully initialized)

VM Mutex/Monitor currently owned by a thread:  ([mutex/lock_event])
[0x0000024729f4b890] Heap_lock - owner thread: 0x0000024729f4e000

Heap address: 0x0000000082e00000, size: 2002 MB, Compressed Oops mode: Non-zero based: 0x0000000082e00000
Narrow klass base: 0x0000000000000000, Narrow klass shift: 0

GC Heap History (0 events):
No events

Deoptimization events (0 events):
No events

Classes unloaded (0 events):
No events

Classes redefined (0 events):
No events

Internal exceptions (0 events):
No events

Events (8 events):
Event: 0.010 Loaded shared library C:\Program Files\Java\jdk-13.0.2\bin\zip.dll
Event: 0.011 Loaded shared library C:\Program Files\Java\jdk-13.0.2\bin\jimage.dll
Event: 0.013 Loading shared library C:\Program Files\Java\jdk-13.0.2\lib\libjava.base-coop.dll failed, error code 126
Event: 0.013 Loading shared library C:\Program Files\Java\jdk-13.0.2\lib\libjava.logging-coop.dll failed, error code 126
Event: 0.014 Loading shared library C:\Program Files\Java\jdk-13.0.2\lib\libjdk.compiler-coop.dll failed, error code 126
Event: 0.014 Loading shared library C:\Program Files\Java\jdk-13.0.2\lib\libjdk.scripting.nashorn-coop.dll failed, error code 126
Event: 0.014 Loading shared library C:\Program Files\Java\jdk-13.0.2\lib\libjdk.internal.vm.ci-coop.dll failed, error code 126
Event: 0.014 Loading shared library C:\Program Files\Java\jdk-13.0.2\lib\libjdk.internal.vm.compiler-coop.dll failed, error code 126


Dynamic libraries:
0x00007ff63a0b0000 - 0x00007ff63a0bf000 	C:\Program Files\Java\jdk-13.0.2\bin\javaw.exe
0x00007ff895580000 - 0x00007ff89576d000 	C:\WINDOWS\SYSTEM32\ntdll.dll
0x00007ff894900000 - 0x00007ff8949b3000 	C:\WINDOWS\System32\KERNEL32.DLL
0x00007ff891c60000 - 0x00007ff891ef3000 	C:\WINDOWS\System32\KERNELBASE.dll
0x00007ff891ae0000 - 0x00007ff891bda000 	C:\WINDOWS\System32\ucrtbase.dll
0x00007ff88c900000 - 0x00007ff88c918000 	C:\Program Files\Java\jdk-13.0.2\bin\jli.dll
0x00007ff88c930000 - 0x00007ff88c945000 	C:\Program Files\Java\jdk-13.0.2\bin\VCRUNTIME140.dll
0x00007ff892c20000 - 0x00007ff892cc3000 	C:\WINDOWS\System32\ADVAPI32.dll
0x00007ff895040000 - 0x00007ff8950de000 	C:\WINDOWS\System32\msvcrt.dll
0x00007ff895320000 - 0x00007ff8953be000 	C:\WINDOWS\System32\sechost.dll
0x00007ff894eb0000 - 0x00007ff894fd2000 	C:\WINDOWS\System32\RPCRT4.dll
0x00007ff894c40000 - 0x00007ff894dd7000 	C:\WINDOWS\System32\USER32.dll
0x00007ff892650000 - 0x00007ff892670000 	C:\WINDOWS\System32\win32u.dll
0x00007ff8766b0000 - 0x00007ff876929000 	C:\WINDOWS\WinSxS\amd64_microsoft.windows.common-controls_6595b64144ccf1df_6.0.17763.1098_none_de762ed45346ee8a\COMCTL32.dll
0x00007ff894720000 - 0x00007ff894749000 	C:\WINDOWS\System32\GDI32.dll
0x00007ff892d40000 - 0x00007ff89306c000 	C:\WINDOWS\System32\combase.dll
0x00007ff8918d0000 - 0x00007ff891a69000 	C:\WINDOWS\System32\gdi32full.dll
0x00007ff891be0000 - 0x00007ff891c5e000 	C:\WINDOWS\System32\bcryptPrimitives.dll
0x00007ff8926a0000 - 0x00007ff892740000 	C:\WINDOWS\System32\msvcp_win.dll
0x00007ff88d290000 - 0x00007ff88d29a000 	C:\WINDOWS\SYSTEM32\VERSION.dll
0x00007ff895520000 - 0x00007ff89554e000 	C:\WINDOWS\System32\IMM32.DLL
0x00007ff871e50000 - 0x00007ff871eeb000 	C:\Program Files\Java\jdk-13.0.2\bin\msvcp140.dll
0x00007ff842b60000 - 0x00007ff8436bd000 	C:\Program Files\Java\jdk-13.0.2\bin\server\jvm.dll
0x00007ff894ea0000 - 0x00007ff894ea8000 	C:\WINDOWS\System32\PSAPI.DLL
0x00007ff87ada0000 - 0x00007ff87ada9000 	C:\WINDOWS\SYSTEM32\WSOCK32.dll
0x00007ff881580000 - 0x00007ff8815a4000 	C:\WINDOWS\SYSTEM32\WINMM.dll
0x00007ff892cd0000 - 0x00007ff892d3d000 	C:\WINDOWS\System32\WS2_32.dll
0x00007ff881550000 - 0x00007ff88157d000 	C:\WINDOWS\SYSTEM32\winmmbase.dll
0x00007ff891a90000 - 0x00007ff891ada000 	C:\WINDOWS\System32\cfgmgr32.dll
0x00007ff891570000 - 0x00007ff891581000 	C:\WINDOWS\System32\kernel.appcore.dll
0x00007ff88d910000 - 0x00007ff88d920000 	C:\Program Files\Java\jdk-13.0.2\bin\verify.dll
0x00007ff88ff20000 - 0x00007ff89010d000 	C:\WINDOWS\SYSTEM32\DBGHELP.DLL
0x00007ff88a560000 - 0x00007ff88a58a000 	C:\WINDOWS\SYSTEM32\dbgcore.DLL
0x00007ff88c9d0000 - 0x00007ff88c9f6000 	C:\Program Files\Java\jdk-13.0.2\bin\java.dll
0x00007ff88c9b0000 - 0x00007ff88c9c7000 	C:\Program Files\Java\jdk-13.0.2\bin\zip.dll
0x00007ff88d900000 - 0x00007ff88d90a000 	C:\Program Files\Java\jdk-13.0.2\bin\jimage.dll

dbghelp: loaded successfully - version: 4.0.5 - missing functions: none
symbol engine: initialized successfully - sym options: 0x614 - pdb path: .;C:\Program Files\Java\jdk-13.0.2\bin;C:\WINDOWS\SYSTEM32;C:\WINDOWS\WinSxS\amd64_microsoft.windows.common-controls_6595b64144ccf1df_6.0.17763.1098_none_de762ed45346ee8a;C:\Program Files\Java\jdk-13.0.2\bin\server

VM Arguments:
jvm_args: -Dfile.encoding=Cp1252 
java_command: PhotoViewer
java_class_path (initial): C:\Users\Do\Desktop\UVA\Sem 2\cs 2110\Workspace\Homework 1\bin;C:\Users\Do\.p2\pool\plugins\org.junit_4.12.0.v201504281640\junit.jar;C:\Users\Do\.p2\pool\plugins\org.hamcrest.core_1.3.0.v20180420-1519.jar
Launcher Type: SUN_STANDARD

[Global flags]
     intx CICompilerCount                          = 4                                         {product} {ergonomic}
     uint ConcGCThreads                            = 2                                         {product} {ergonomic}
     uint G1ConcRefinementThreads                  = 8                                         {product} {ergonomic}
   size_t G1HeapRegionSize                         = 1048576                                   {product} {ergonomic}
    uintx GCDrainStackTargetSize                   = 64                                        {product} {ergonomic}
   size_t InitialHeapSize                          = 132120576                                 {product} {ergonomic}
   size_t MarkStackSize                            = 4194304                                   {product} {ergonomic}
   size_t MaxHeapSize                              = 2099249152                                {product} {ergonomic}
   size_t MinHeapDeltaBytes                        = 1048576                                   {product} {ergonomic}
   size_t MinHeapSize                              = 8388608                                   {product} {ergonomic}
    uintx NonNMethodCodeHeapSize                   = 5839372                                {pd product} {ergonomic}
    uintx NonProfiledCodeHeapSize                  = 122909434                              {pd product} {ergonomic}
    uintx ProfiledCodeHeapSize                     = 122909434                              {pd product} {ergonomic}
    uintx ReservedCodeCacheSize                    = 251658240                              {pd product} {ergonomic}
     bool SegmentedCodeCache                       = true                                      {product} {ergonomic}
   size_t SoftMaxHeapSize                          = 2099249152                             {manageable} {ergonomic}
     bool UseCompressedClassPointers               = true                                 {lp64_product} {ergonomic}
     bool UseCompressedOops                        = true                                 {lp64_product} {ergonomic}
     bool UseG1GC                                  = true                                      {product} {ergonomic}
     bool UseLargePagesIndividualAllocation        = false                                  {pd product} {ergonomic}

Logging:
Log output configuration:
 #0: stdout all=warning uptime,level,tags
 #1: stderr all=off uptime,level,tags

Environment Variables:
PATH=C:/Program Files/Java/jdk-13.0.2/bin/server;C:/Program Files/Java/jdk-13.0.2/bin;C:\Program Files (x86)\Common Files\Oracle\Java\javapath;C:\Windows\system32;C:\Windows;C:\Windows\System32\Wbem;C:\Windows\System32\WindowsPowerShell\v1.0\;C:\Windows\System32\OpenSSH\;C:\Program Files (x86)\NVIDIA Corporation\PhysX\Common;C:\Program Files\NVIDIA Corporation\NVIDIA NvDLISR;C:\WINDOWS\system32;C:\WINDOWS;C:\WINDOWS\System32\Wbem;C:\WINDOWS\System32\WindowsPowerShell\v1.0\;C:\WINDOWS\System32\OpenSSH\;C:\Program Files\nodejs\;C:\Program Files (x86)\Wolfram Research\WolframScript\;C:\Program Files\MATLAB\R2019b\bin;C:\Program Files\Microsoft VS Code\bin;C:\Program Files\Git\cmd;C:\Program Files\Git\mingw64\bin;C:\Program Files\Git\usr\bin;C:\Users\Do\.elan\bin;C:\Users\Do\AppData\Local\Programs\Python\Python36\Scripts\;C:\Users\Do\AppData\Local\Programs\Python\Python36\;C:\Users\Do\AppData\Local\Microsoft\WindowsApps;C:\Users\Do\AppData\Roaming\npm;C:\WINDOWS\system32;
USERNAME=Do
OS=Windows_NT
PROCESSOR_IDENTIFIER=Intel64 Family 6 Model 142 Stepping 12, GenuineIntel



---------------  S Y S T E M  ---------------

OS: Windows 10 , 64 bit Build 17763 (10.0.17763.475)

CPU:total 8 (initial active 8) (4 cores per cpu, 2 threads per core) family 6 model 142 stepping 12, cmov, cx8, fxsr, mmx, sse, sse2, sse3, ssse3, sse4.1, sse4.2, popcnt, avx, avx2, aes, clmul, erms, 3dnowpref, lzcnt, ht, tsc, tscinvbit, bmi1, bmi2, adx, fma

Memory: 4k page, system-wide physical 8005M (1793M free)
TotalPageFile size 32557M (AvailPageFile size 71M)
current process WorkingSet (physical memory assigned to process): 10M, peak: 10M
current process commit charge ("private bytes"): 60M, peak: 186M

vm_info: Java HotSpot(TM) 64-Bit Server VM (13.0.2+8) for windows-amd64 JRE (13.0.2+8), built on Dec 11 2019 09:20:33 by "mach5one" with unknown MS VC++:1916

END.
